0 info it worked if it ends with ok
1 verbose cli [ '/usr/local/bin/node', '/usr/local/bin/npm', 'start' ]
2 info using npm@4.1.2
3 info using node@v7.6.0
4 verbose run-script [ 'prestart', 'start', 'poststart' ]
5 info lifecycle angular-phonecat@0.0.0~prestart: angular-phonecat@0.0.0
6 verbose lifecycle angular-phonecat@0.0.0~prestart: unsafe-perm in lifecycle true
7 verbose lifecycle angular-phonecat@0.0.0~prestart: PATH: /usr/local/lib/node_modules/npm/bin/node-gyp-bin:/Users/Larry_Li/github_projects/bizhacks/frontend/node_modules/.bin:/Users/Larry_Li/.sdkman/candidates/grails/current/bin:/Library/Frameworks/Python.framework/Versions/3.4/bin:/usr/local/bin:/usr/bin:/bin:/usr/sbin:/sbin:/opt/X11/bin:/usr/local/go/bin:/usr/local/mysql/bin
8 verbose lifecycle angular-phonecat@0.0.0~prestart: CWD: /Users/Larry_Li/github_projects/bizhacks/frontend
9 silly lifecycle angular-phonecat@0.0.0~prestart: Args: [ '-c', 'npm install' ]
10 silly lifecycle angular-phonecat@0.0.0~prestart: Returned: code: 0  signal: null
11 info lifecycle angular-phonecat@0.0.0~start: angular-phonecat@0.0.0
12 verbose lifecycle angular-phonecat@0.0.0~start: unsafe-perm in lifecycle true
13 verbose lifecycle angular-phonecat@0.0.0~start: PATH: /usr/local/lib/node_modules/npm/bin/node-gyp-bin:/Users/Larry_Li/github_projects/bizhacks/frontend/node_modules/.bin:/Users/Larry_Li/.sdkman/candidates/grails/current/bin:/Library/Frameworks/Python.framework/Versions/3.4/bin:/usr/local/bin:/usr/bin:/bin:/usr/sbin:/sbin:/opt/X11/bin:/usr/local/go/bin:/usr/local/mysql/bin
14 verbose lifecycle angular-phonecat@0.0.0~start: CWD: /Users/Larry_Li/github_projects/bizhacks/frontend
15 silly lifecycle angular-phonecat@0.0.0~start: Args: [ '-c', 'http-server ./app -a localhost -p 8000 -c-1' ]
16 silly lifecycle angular-phonecat@0.0.0~start: Returned: code: 1  signal: null
17 info lifecycle angular-phonecat@0.0.0~start: Failed to exec start script
18 verbose stack Error: angular-phonecat@0.0.0 start: `http-server ./app -a localhost -p 8000 -c-1`
18 verbose stack Exit status 1
18 verbose stack     at EventEmitter.<anonymous> (/usr/local/lib/node_modules/npm/lib/utils/lifecycle.js:279:16)
18 verbose stack     at emitTwo (events.js:106:13)
18 verbose stack     at EventEmitter.emit (events.js:192:7)
18 verbose stack     at ChildProcess.<anonymous> (/usr/local/lib/node_modules/npm/lib/utils/spawn.js:40:14)
18 verbose stack     at emitTwo (events.js:106:13)
18 verbose stack     at ChildProcess.emit (events.js:192:7)
18 verbose stack     at maybeClose (internal/child_process.js:890:16)
18 verbose stack     at Process.ChildProcess._handle.onexit (internal/child_process.js:226:5)
19 verbose pkgid angular-phonecat@0.0.0
20 verbose cwd /Users/Larry_Li/github_projects/bizhacks/frontend
21 error Darwin 16.1.0
22 error argv "/usr/local/bin/node" "/usr/local/bin/npm" "start"
23 error node v7.6.0
24 error npm  v4.1.2
25 error code ELIFECYCLE
26 error angular-phonecat@0.0.0 start: `http-server ./app -a localhost -p 8000 -c-1`
26 error Exit status 1
27 error Failed at the angular-phonecat@0.0.0 start script 'http-server ./app -a localhost -p 8000 -c-1'.
27 error Make sure you have the latest version of node.js and npm installed.
27 error If you do, this is most likely a problem with the angular-phonecat package,
27 error not with npm itself.
27 error Tell the author that this fails on your system:
27 error     http-server ./app -a localhost -p 8000 -c-1
27 error You can get information on how to open an issue for this project with:
27 error     npm bugs angular-phonecat
27 error Or if that isn't available, you can get their info via:
27 error     npm owner ls angular-phonecat
27 error There is likely additional logging output above.
28 verbose exit [ 1, true ]
